2022-03-18 11:49:58 INFO  LoginPageTest:80 - Config properties loaded !!!
  2022-03-18 11:49:58 INFO  LoginPageTest:94 - OR properties loaded !!!
  2022-03-18 11:49:59 INFO  LoginPageTest:113 - Launching Chrome !!!
  2022-03-18 11:50:09 INFO  LoginPageTest:153 - Navigated to : http://automationpractice.com/index.php
  2022-03-18 11:50:09 INFO  LoginPageTest:59 - Login Page Title Verified
  2022-03-18 11:50:22 INFO  LoginPageTest:66 - Successfully Logged into Application
  2022-03-18 11:50:23 INFO  LoginPageTest:172 - Browser Terminated
  2022-03-18 11:50:23 INFO  LoginPageTest:173 - -----------------------------------------------
  2022-03-18 11:50:23 DEBUG cache:44 - TemplateLoader.findTemplateSource("spark/spark.spa_en_IN.ftl"): Not found
  2022-03-18 11:50:23 DEBUG cache:44 - TemplateLoader.findTemplateSource("spark/spark.spa_en.ftl"): Not found
  2022-03-18 11:50:23 DEBUG cache:44 - TemplateLoader.findTemplateSource("spark/spark.spa.ftl"): Found
  2022-03-18 11:50:23 DEBUG cache:44 - "spark/spark.spa.ftl"("en_IN", UTF-8, parsed): using cached since jar:file:/C:/Users/KANNAN-PC/.m2/repository/com/aventstack/extentreports/4.1.7/extentreports-4.1.7.jar!/com/aventstack/extentreports/view/spark/spark.spa.ftl hasn't changed.
  2022-03-18 11:50:23 DEBUG cache:44 - TemplateLoader.findTemplateSource("commons/commons-variables_en_IN.ftl"): Not found
  2022-03-18 11:50:23 DEBUG cache:44 - TemplateLoader.findTemplateSource("commons/commons-variables_en.ftl"): Not found
  2022-03-18 11:50:23 DEBUG cache:44 - TemplateLoader.findTemplateSource("commons/commons-variables.ftl"): Found
  2022-03-18 11:50:23 DEBUG cache:44 - "commons/commons-variables.ftl"("en_IN", UTF-8, parsed): using cached since jar:file:/C:/Users/KANNAN-PC/.m2/repository/com/aventstack/extentreports/4.1.7/extentreports-4.1.7.jar!/com/aventstack/extentreports/view/commons/commons-variables.ftl hasn't changed.
  2022-03-18 11:50:23 DEBUG cache:44 - TemplateLoader.findTemplateSource("commons/commons-macros_en_IN.ftl"): Not found
  2022-03-18 11:50:23 DEBUG cache:44 - TemplateLoader.findTemplateSource("commons/commons-macros_en.ftl"): Not found
  2022-03-18 11:50:23 DEBUG cache:44 - TemplateLoader.findTemplateSource("commons/commons-macros.ftl"): Found
  2022-03-18 11:50:23 DEBUG cache:44 - "commons/commons-macros.ftl"("en_IN", UTF-8, parsed): using cached since jar:file:/C:/Users/KANNAN-PC/.m2/repository/com/aventstack/extentreports/4.1.7/extentreports-4.1.7.jar!/com/aventstack/extentreports/view/commons/commons-macros.ftl hasn't changed.
  2022-03-18 11:50:23 DEBUG cache:44 - TemplateLoader.findTemplateSource("spark/macros/attributes_en_IN.ftl"): Not found
  2022-03-18 11:50:23 DEBUG cache:44 - TemplateLoader.findTemplateSource("spark/macros/attributes_en.ftl"): Not found
  2022-03-18 11:50:23 DEBUG cache:44 - TemplateLoader.findTemplateSource("spark/macros/attributes.ftl"): Found
  2022-03-18 11:50:23 DEBUG cache:44 - "spark/macros/attributes.ftl"("en_IN", UTF-8, parsed): using cached since jar:file:/C:/Users/KANNAN-PC/.m2/repository/com/aventstack/extentreports/4.1.7/extentreports-4.1.7.jar!/com/aventstack/extentreports/view/spark/macros/attributes.ftl hasn't changed.
  2022-03-18 11:50:23 DEBUG cache:44 - TemplateLoader.findTemplateSource("spark/macros/log_en_IN.ftl"): Not found
  2022-03-18 11:50:23 DEBUG cache:44 - TemplateLoader.findTemplateSource("spark/macros/log_en.ftl"): Not found
  2022-03-18 11:50:23 DEBUG cache:44 - TemplateLoader.findTemplateSource("spark/macros/log.ftl"): Found
  2022-03-18 11:50:23 DEBUG cache:44 - "spark/macros/log.ftl"("en_IN", UTF-8, parsed): using cached since jar:file:/C:/Users/KANNAN-PC/.m2/repository/com/aventstack/extentreports/4.1.7/extentreports-4.1.7.jar!/com/aventstack/extentreports/view/spark/macros/log.ftl hasn't changed.
  2022-03-18 11:50:23 DEBUG cache:44 - TemplateLoader.findTemplateSource("spark/macros/recurse_nodes_en_IN.ftl"): Not found
  2022-03-18 11:50:23 DEBUG cache:44 - TemplateLoader.findTemplateSource("spark/macros/recurse_nodes_en.ftl"): Not found
  2022-03-18 11:50:23 DEBUG cache:44 - TemplateLoader.findTemplateSource("spark/macros/recurse_nodes.ftl"): Found
  2022-03-18 11:50:23 DEBUG cache:44 - "spark/macros/recurse_nodes.ftl"("en_IN", UTF-8, parsed): using cached since jar:file:/C:/Users/KANNAN-PC/.m2/repository/com/aventstack/extentreports/4.1.7/extentreports-4.1.7.jar!/com/aventstack/extentreports/view/spark/macros/recurse_nodes.ftl hasn't changed.
  2022-03-18 11:50:23 DEBUG cache:44 - "spark/macros/log.ftl"("en_IN", UTF-8, parsed) cached copy not yet stale; using cached.
  2022-03-18 11:50:23 DEBUG cache:44 - TemplateLoader.findTemplateSource("spark/partials/head_en_IN.ftl"): Not found
  2022-03-18 11:50:23 DEBUG cache:44 - TemplateLoader.findTemplateSource("spark/partials/head_en.ftl"): Not found
  2022-03-18 11:50:23 DEBUG cache:44 - TemplateLoader.findTemplateSource("spark/partials/head.ftl"): Found
  2022-03-18 11:50:23 DEBUG cache:44 - "spark/partials/head.ftl"("en_IN", UTF-8, parsed): using cached since jar:file:/C:/Users/KANNAN-PC/.m2/repository/com/aventstack/extentreports/4.1.7/extentreports-4.1.7.jar!/com/aventstack/extentreports/view/spark/partials/head.ftl hasn't changed.
  2022-03-18 11:50:23 DEBUG cache:44 - TemplateLoader.findTemplateSource("commons/commons-inject-css_en_IN.ftl"): Not found
  2022-03-18 11:50:23 DEBUG cache:44 - TemplateLoader.findTemplateSource("commons/commons-inject-css_en.ftl"): Not found
  2022-03-18 11:50:23 DEBUG cache:44 - TemplateLoader.findTemplateSource("commons/commons-inject-css.ftl"): Found
  2022-03-18 11:50:23 DEBUG cache:44 - "commons/commons-inject-css.ftl"("en_IN", UTF-8, parsed): using cached since jar:file:/C:/Users/KANNAN-PC/.m2/repository/com/aventstack/extentreports/4.1.7/extentreports-4.1.7.jar!/com/aventstack/extentreports/view/commons/commons-inject-css.ftl hasn't changed.
  2022-03-18 11:50:23 DEBUG cache:44 - TemplateLoader.findTemplateSource("spark/partials/navbar_en_IN.ftl"): Not found
  2022-03-18 11:50:23 DEBUG cache:44 - TemplateLoader.findTemplateSource("spark/partials/navbar_en.ftl"): Not found
  2022-03-18 11:50:23 DEBUG cache:44 - TemplateLoader.findTemplateSource("spark/partials/navbar.ftl"): Found
  2022-03-18 11:50:23 DEBUG cache:44 - "spark/partials/navbar.ftl"("en_IN", UTF-8, parsed): using cached since jar:file:/C:/Users/KANNAN-PC/.m2/repository/com/aventstack/extentreports/4.1.7/extentreports-4.1.7.jar!/com/aventstack/extentreports/view/spark/partials/navbar.ftl hasn't changed.
  2022-03-18 11:50:23 DEBUG cache:44 - TemplateLoader.findTemplateSource("spark/partials/sidenav_en_IN.ftl"): Not found
  2022-03-18 11:50:23 DEBUG cache:44 - TemplateLoader.findTemplateSource("spark/partials/sidenav_en.ftl"): Not found
  2022-03-18 11:50:23 DEBUG cache:44 - TemplateLoader.findTemplateSource("spark/partials/sidenav.ftl"): Found
  2022-03-18 11:50:23 DEBUG cache:44 - "spark/partials/sidenav.ftl"("en_IN", UTF-8, parsed): using cached since jar:file:/C:/Users/KANNAN-PC/.m2/repository/com/aventstack/extentreports/4.1.7/extentreports-4.1.7.jar!/com/aventstack/extentreports/view/spark/partials/sidenav.ftl hasn't changed.
  2022-03-18 11:50:23 DEBUG cache:44 - TemplateLoader.findTemplateSource("spark/partials/test_en_IN.ftl"): Not found
  2022-03-18 11:50:23 DEBUG cache:44 - TemplateLoader.findTemplateSource("spark/partials/test_en.ftl"): Not found
  2022-03-18 11:50:23 DEBUG cache:44 - TemplateLoader.findTemplateSource("spark/partials/test.ftl"): Found
  2022-03-18 11:50:23 DEBUG cache:44 - "spark/partials/test.ftl"("en_IN", UTF-8, parsed): using cached since jar:file:/C:/Users/KANNAN-PC/.m2/repository/com/aventstack/extentreports/4.1.7/extentreports-4.1.7.jar!/com/aventstack/extentreports/view/spark/partials/test.ftl hasn't changed.
  2022-03-18 11:50:23 DEBUG cache:44 - TemplateLoader.findTemplateSource("spark/partials/standard-content_en_IN.ftl"): Not found
  2022-03-18 11:50:23 DEBUG cache:44 - TemplateLoader.findTemplateSource("spark/partials/standard-content_en.ftl"): Not found
  2022-03-18 11:50:23 DEBUG cache:44 - TemplateLoader.findTemplateSource("spark/partials/standard-content.ftl"): Found
  2022-03-18 11:50:23 DEBUG cache:44 - "spark/partials/standard-content.ftl"("en_IN", UTF-8, parsed): using cached since jar:file:/C:/Users/KANNAN-PC/.m2/repository/com/aventstack/extentreports/4.1.7/extentreports-4.1.7.jar!/com/aventstack/extentreports/view/spark/partials/standard-content.ftl hasn't changed.
  2022-03-18 11:50:23 DEBUG cache:44 - "spark/partials/standard-content.ftl"("en_IN", UTF-8, parsed) cached copy not yet stale; using cached.
  2022-03-18 11:50:23 DEBUG cache:44 - TemplateLoader.findTemplateSource("spark/partials/dashboard_en_IN.ftl"): Not found
  2022-03-18 11:50:23 DEBUG cache:44 - TemplateLoader.findTemplateSource("spark/partials/dashboard_en.ftl"): Not found
  2022-03-18 11:50:23 DEBUG cache:44 - TemplateLoader.findTemplateSource("spark/partials/dashboard.ftl"): Found
  2022-03-18 11:50:23 DEBUG cache:44 - "spark/partials/dashboard.ftl"("en_IN", UTF-8, parsed): using cached since jar:file:/C:/Users/KANNAN-PC/.m2/repository/com/aventstack/extentreports/4.1.7/extentreports-4.1.7.jar!/com/aventstack/extentreports/view/spark/partials/dashboard.ftl hasn't changed.
  2022-03-18 11:50:23 DEBUG cache:44 - TemplateLoader.findTemplateSource("spark/partials/scripts_en_IN.ftl"): Not found
  2022-03-18 11:50:23 DEBUG cache:44 - TemplateLoader.findTemplateSource("spark/partials/scripts_en.ftl"): Not found
  2022-03-18 11:50:23 DEBUG cache:44 - TemplateLoader.findTemplateSource("spark/partials/scripts.ftl"): Found
  2022-03-18 11:50:23 DEBUG cache:44 - "spark/partials/scripts.ftl"("en_IN", UTF-8, parsed): using cached since jar:file:/C:/Users/KANNAN-PC/.m2/repository/com/aventstack/extentreports/4.1.7/extentreports-4.1.7.jar!/com/aventstack/extentreports/view/spark/partials/scripts.ftl hasn't changed.
  2022-03-18 11:50:23 DEBUG cache:44 - TemplateLoader.findTemplateSource("commons/commons-inject-js_en_IN.ftl"): Not found
  2022-03-18 11:50:23 DEBUG cache:44 - TemplateLoader.findTemplateSource("commons/commons-inject-js_en.ftl"): Not found
  2022-03-18 11:50:23 DEBUG cache:44 - TemplateLoader.findTemplateSource("commons/commons-inject-js.ftl"): Found
  2022-03-18 11:50:23 DEBUG cache:44 - "commons/commons-inject-js.ftl"("en_IN", UTF-8, parsed): using cached since jar:file:/C:/Users/KANNAN-PC/.m2/repository/com/aventstack/extentreports/4.1.7/extentreports-4.1.7.jar!/com/aventstack/extentreports/view/commons/commons-inject-js.ftl hasn't changed.
  